[2025-04-20 07:57:18] local.ERROR: The "--columns" option does not exist. {"exception":"[object] (Symfony\\Component\\Console\\Exception\\RuntimeException(code: 0): The \"--columns\" option does not exist. at D:\\laragon\\www\\SaleBot 3.2.0\\SaleBot-Installer\\vendor\\symfony\\console\\Input\\ArgvInput.php:223)
[stacktrace]
#0 D:\\laragon\\www\\SaleBot 3.2.0\\SaleBot-Installer\\vendor\\symfony\\console\\Input\\ArgvInput.php(150): Symfony\\Component\\Console\\Input\\ArgvInput->addLongOption('columns', 'uri,name,action...')
#1 D:\\laragon\\www\\SaleBot 3.2.0\\SaleBot-Installer\\vendor\\symfony\\console\\Input\\ArgvInput.php(85): Symfony\\Component\\Console\\Input\\ArgvInput->parseLongOption('--columns=uri,n...')
#2 D:\\laragon\\www\\SaleBot 3.2.0\\SaleBot-Installer\\vendor\\symfony\\console\\Input\\ArgvInput.php(74): Symfony\\Component\\Console\\Input\\ArgvInput->parseToken('--columns=uri,n...', true)
#3 D:\\laragon\\www\\SaleBot 3.2.0\\SaleBot-Installer\\vendor\\symfony\\console\\Input\\Input.php(56): Symfony\\Component\\Console\\Input\\ArgvInput->parse()
#4 D:\\laragon\\www\\SaleBot 3.2.0\\SaleBot-Installer\\vendor\\symfony\\console\\Command\\Command.php(285): Symfony\\Component\\Console\\Input\\Input->bind(Object(Symfony\\Component\\Console\\Input\\InputDefinition))
#5 D:\\laragon\\www\\SaleBot 3.2.0\\SaleBot-Installer\\vendor\\laravel\\framework\\src\\Illuminate\\Console\\Command.php(152): Symfony\\Component\\Console\\Command\\Command->run(Object(Symfony\\Component\\Console\\Input\\ArgvInput), Object(Illuminate\\Console\\OutputStyle))
#6 D:\\laragon\\www\\SaleBot 3.2.0\\SaleBot-Installer\\vendor\\symfony\\console\\Application.php(1078): Illuminate\\Console\\Command->run(Object(Symfony\\Component\\Console\\Input\\ArgvInput), Object(Symfony\\Component\\Console\\Output\\ConsoleOutput))
#7 D:\\laragon\\www\\SaleBot 3.2.0\\SaleBot-Installer\\vendor\\symfony\\console\\Application.php(324): Symfony\\Component\\Console\\Application->doRunCommand(Object(Illuminate\\Foundation\\Console\\RouteListCommand), Object(Symfony\\Component\\Console\\Input\\ArgvInput), Object(Symfony\\Component\\Console\\Output\\ConsoleOutput))
#8 D:\\laragon\\www\\SaleBot 3.2.0\\SaleBot-Installer\\vendor\\symfony\\console\\Application.php(175): Symfony\\Component\\Console\\Application->doRun(Object(Symfony\\Component\\Console\\Input\\ArgvInput), Object(Symfony\\Component\\Console\\Output\\ConsoleOutput))
#9 D:\\laragon\\www\\SaleBot 3.2.0\\SaleBot-Installer\\vendor\\laravel\\framework\\src\\Illuminate\\Console\\Application.php(102): Symfony\\Component\\Console\\Application->run(Object(Symfony\\Component\\Console\\Input\\ArgvInput), Object(Symfony\\Component\\Console\\Output\\ConsoleOutput))
#10 D:\\laragon\\www\\SaleBot 3.2.0\\SaleBot-Installer\\vendor\\laravel\\framework\\src\\Illuminate\\Foundation\\Console\\Kernel.php(155): Illuminate\\Console\\Application->run(Object(Symfony\\Component\\Console\\Input\\ArgvInput), Object(Symfony\\Component\\Console\\Output\\ConsoleOutput))
#11 D:\\laragon\\www\\SaleBot 3.2.0\\SaleBot-Installer\\artisan(35): Illuminate\\Foundation\\Console\\Kernel->handle(Object(Symfony\\Component\\Console\\Input\\ArgvInput), Object(Symfony\\Component\\Console\\Output\\ConsoleOutput))
#12 {main}
"} 
[2025-04-20 07:57:20] local.ERROR: The "--columns" option does not exist. {"exception":"[object] (Symfony\\Component\\Console\\Exception\\RuntimeException(code: 0): The \"--columns\" option does not exist. at D:\\laragon\\www\\SaleBot 3.2.0\\SaleBot-Installer\\vendor\\symfony\\console\\Input\\ArgvInput.php:223)
[stacktrace]
#0 D:\\laragon\\www\\SaleBot 3.2.0\\SaleBot-Installer\\vendor\\symfony\\console\\Input\\ArgvInput.php(150): Symfony\\Component\\Console\\Input\\ArgvInput->addLongOption('columns', 'uri,name,action...')
#1 D:\\laragon\\www\\SaleBot 3.2.0\\SaleBot-Installer\\vendor\\symfony\\console\\Input\\ArgvInput.php(85): Symfony\\Component\\Console\\Input\\ArgvInput->parseLongOption('--columns=uri,n...')
#2 D:\\laragon\\www\\SaleBot 3.2.0\\SaleBot-Installer\\vendor\\symfony\\console\\Input\\ArgvInput.php(74): Symfony\\Component\\Console\\Input\\ArgvInput->parseToken('--columns=uri,n...', true)
#3 D:\\laragon\\www\\SaleBot 3.2.0\\SaleBot-Installer\\vendor\\symfony\\console\\Input\\Input.php(56): Symfony\\Component\\Console\\Input\\ArgvInput->parse()
#4 D:\\laragon\\www\\SaleBot 3.2.0\\SaleBot-Installer\\vendor\\symfony\\console\\Command\\Command.php(285): Symfony\\Component\\Console\\Input\\Input->bind(Object(Symfony\\Component\\Console\\Input\\InputDefinition))
#5 D:\\laragon\\www\\SaleBot 3.2.0\\SaleBot-Installer\\vendor\\laravel\\framework\\src\\Illuminate\\Console\\Command.php(152): Symfony\\Component\\Console\\Command\\Command->run(Object(Symfony\\Component\\Console\\Input\\ArgvInput), Object(Illuminate\\Console\\OutputStyle))
#6 D:\\laragon\\www\\SaleBot 3.2.0\\SaleBot-Installer\\vendor\\symfony\\console\\Application.php(1078): Illuminate\\Console\\Command->run(Object(Symfony\\Component\\Console\\Input\\ArgvInput), Object(Symfony\\Component\\Console\\Output\\ConsoleOutput))
#7 D:\\laragon\\www\\SaleBot 3.2.0\\SaleBot-Installer\\vendor\\symfony\\console\\Application.php(324): Symfony\\Component\\Console\\Application->doRunCommand(Object(Illuminate\\Foundation\\Console\\RouteListCommand), Object(Symfony\\Component\\Console\\Input\\ArgvInput), Object(Symfony\\Component\\Console\\Output\\ConsoleOutput))
#8 D:\\laragon\\www\\SaleBot 3.2.0\\SaleBot-Installer\\vendor\\symfony\\console\\Application.php(175): Symfony\\Component\\Console\\Application->doRun(Object(Symfony\\Component\\Console\\Input\\ArgvInput), Object(Symfony\\Component\\Console\\Output\\ConsoleOutput))
#9 D:\\laragon\\www\\SaleBot 3.2.0\\SaleBot-Installer\\vendor\\laravel\\framework\\src\\Illuminate\\Console\\Application.php(102): Symfony\\Component\\Console\\Application->run(Object(Symfony\\Component\\Console\\Input\\ArgvInput), Object(Symfony\\Component\\Console\\Output\\ConsoleOutput))
#10 D:\\laragon\\www\\SaleBot 3.2.0\\SaleBot-Installer\\vendor\\laravel\\framework\\src\\Illuminate\\Foundation\\Console\\Kernel.php(155): Illuminate\\Console\\Application->run(Object(Symfony\\Component\\Console\\Input\\ArgvInput), Object(Symfony\\Component\\Console\\Output\\ConsoleOutput))
#11 D:\\laragon\\www\\SaleBot 3.2.0\\SaleBot-Installer\\artisan(35): Illuminate\\Foundation\\Console\\Kernel->handle(Object(Symfony\\Component\\Console\\Input\\ArgvInput), Object(Symfony\\Component\\Console\\Output\\ConsoleOutput))
#12 {main}
"} 
[2025-04-20 07:57:23] local.ERROR: The "--columns" option does not exist. {"exception":"[object] (Symfony\\Component\\Console\\Exception\\RuntimeException(code: 0): The \"--columns\" option does not exist. at D:\\laragon\\www\\SaleBot 3.2.0\\SaleBot-Installer\\vendor\\symfony\\console\\Input\\ArgvInput.php:223)
[stacktrace]
#0 D:\\laragon\\www\\SaleBot 3.2.0\\SaleBot-Installer\\vendor\\symfony\\console\\Input\\ArgvInput.php(150): Symfony\\Component\\Console\\Input\\ArgvInput->addLongOption('columns', 'uri,name,action...')
#1 D:\\laragon\\www\\SaleBot 3.2.0\\SaleBot-Installer\\vendor\\symfony\\console\\Input\\ArgvInput.php(85): Symfony\\Component\\Console\\Input\\ArgvInput->parseLongOption('--columns=uri,n...')
#2 D:\\laragon\\www\\SaleBot 3.2.0\\SaleBot-Installer\\vendor\\symfony\\console\\Input\\ArgvInput.php(74): Symfony\\Component\\Console\\Input\\ArgvInput->parseToken('--columns=uri,n...', true)
#3 D:\\laragon\\www\\SaleBot 3.2.0\\SaleBot-Installer\\vendor\\symfony\\console\\Input\\Input.php(56): Symfony\\Component\\Console\\Input\\ArgvInput->parse()
#4 D:\\laragon\\www\\SaleBot 3.2.0\\SaleBot-Installer\\vendor\\symfony\\console\\Command\\Command.php(285): Symfony\\Component\\Console\\Input\\Input->bind(Object(Symfony\\Component\\Console\\Input\\InputDefinition))
#5 D:\\laragon\\www\\SaleBot 3.2.0\\SaleBot-Installer\\vendor\\laravel\\framework\\src\\Illuminate\\Console\\Command.php(152): Symfony\\Component\\Console\\Command\\Command->run(Object(Symfony\\Component\\Console\\Input\\ArgvInput), Object(Illuminate\\Console\\OutputStyle))
#6 D:\\laragon\\www\\SaleBot 3.2.0\\SaleBot-Installer\\vendor\\symfony\\console\\Application.php(1078): Illuminate\\Console\\Command->run(Object(Symfony\\Component\\Console\\Input\\ArgvInput), Object(Symfony\\Component\\Console\\Output\\ConsoleOutput))
#7 D:\\laragon\\www\\SaleBot 3.2.0\\SaleBot-Installer\\vendor\\symfony\\console\\Application.php(324): Symfony\\Component\\Console\\Application->doRunCommand(Object(Illuminate\\Foundation\\Console\\RouteListCommand), Object(Symfony\\Component\\Console\\Input\\ArgvInput), Object(Symfony\\Component\\Console\\Output\\ConsoleOutput))
#8 D:\\laragon\\www\\SaleBot 3.2.0\\SaleBot-Installer\\vendor\\symfony\\console\\Application.php(175): Symfony\\Component\\Console\\Application->doRun(Object(Symfony\\Component\\Console\\Input\\ArgvInput), Object(Symfony\\Component\\Console\\Output\\ConsoleOutput))
#9 D:\\laragon\\www\\SaleBot 3.2.0\\SaleBot-Installer\\vendor\\laravel\\framework\\src\\Illuminate\\Console\\Application.php(102): Symfony\\Component\\Console\\Application->run(Object(Symfony\\Component\\Console\\Input\\ArgvInput), Object(Symfony\\Component\\Console\\Output\\ConsoleOutput))
#10 D:\\laragon\\www\\SaleBot 3.2.0\\SaleBot-Installer\\vendor\\laravel\\framework\\src\\Illuminate\\Foundation\\Console\\Kernel.php(155): Illuminate\\Console\\Application->run(Object(Symfony\\Component\\Console\\Input\\ArgvInput), Object(Symfony\\Component\\Console\\Output\\ConsoleOutput))
#11 D:\\laragon\\www\\SaleBot 3.2.0\\SaleBot-Installer\\artisan(35): Illuminate\\Foundation\\Console\\Kernel->handle(Object(Symfony\\Component\\Console\\Input\\ArgvInput), Object(Symfony\\Component\\Console\\Output\\ConsoleOutput))
#12 {main}
"} 
[2025-07-17 07:30:00] local.ERROR: SQLSTATE[HY000] [2002] Connection refused (SQL: select * from information_schema.tables where table_schema =  and table_name = migrations and table_type = 'BASE TABLE') {"exception":"[object] (Illuminate\\Database\\QueryException(code: 2002): SQLSTATE[HY000] [2002] Connection refused (SQL: select * from information_schema.tables where table_schema =  and table_name = migrations and table_type = 'BASE TABLE') at /Users/ksi2024/Downloads/codecanyon-salebot-whatsapp-and-telegram-marketing-saas-chatbot-bulk-sender-V3.2.0/salebot-laravel-310/vendor/laravel/framework/src/Illuminate/Database/Connection.php:760)
[stacktrace]
#0 /Users/ksi2024/Downloads/codecanyon-salebot-whatsapp-and-telegram-marketing-saas-chatbot-bulk-sender-V3.2.0/salebot-laravel-310/vendor/laravel/framework/src/Illuminate/Database/Connection.php(899): Illuminate\\Database\\Connection->runQueryCallback('select * from i...', Array, Object(Closure))
#1 /Users/ksi2024/Downloads/codecanyon-salebot-whatsapp-and-telegram-marketing-saas-chatbot-bulk-sender-V3.2.0/salebot-laravel-310/vendor/laravel/framework/src/Illuminate/Database/Connection.php(878): Illuminate\\Database\\Connection->tryAgainIfCausedByLostConnection(Object(Illuminate\\Database\\QueryException), 'select * from i...', Array, Object(Closure))
#2 /Users/ksi2024/Downloads/codecanyon-salebot-whatsapp-and-telegram-marketing-saas-chatbot-bulk-sender-V3.2.0/salebot-laravel-310/vendor/laravel/framework/src/Illuminate/Database/Connection.php(722): Illuminate\\Database\\Connection->handleQueryException(Object(Illuminate\\Database\\QueryException), 'select * from i...', Array, Object(Closure))
#3 /Users/ksi2024/Downloads/codecanyon-salebot-whatsapp-and-telegram-marketing-saas-chatbot-bulk-sender-V3.2.0/salebot-laravel-310/vendor/laravel/framework/src/Illuminate/Database/Connection.php(405): Illuminate\\Database\\Connection->run('select * from i...', Array, Object(Closure))
#4 /Users/ksi2024/Downloads/codecanyon-salebot-whatsapp-and-telegram-marketing-saas-chatbot-bulk-sender-V3.2.0/salebot-laravel-310/vendor/laravel/framework/src/Illuminate/Database/Connection.php(392): Illuminate\\Database\\Connection->select('select * from i...', Array, false)
#5 /Users/ksi2024/Downloads/codecanyon-salebot-whatsapp-and-telegram-marketing-saas-chatbot-bulk-sender-V3.2.0/salebot-laravel-310/vendor/laravel/framework/src/Illuminate/Database/Schema/MySqlBuilder.php(43): Illuminate\\Database\\Connection->selectFromWriteConnection('select * from i...', Array)
#6 /Users/ksi2024/Downloads/codecanyon-salebot-whatsapp-and-telegram-marketing-saas-chatbot-bulk-sender-V3.2.0/salebot-laravel-310/vendor/laravel/framework/src/Illuminate/Database/Migrations/DatabaseMigrationRepository.php(169): Illuminate\\Database\\Schema\\MySqlBuilder->hasTable('migrations')
#7 /Users/ksi2024/Downloads/codecanyon-salebot-whatsapp-and-telegram-marketing-saas-chatbot-bulk-sender-V3.2.0/salebot-laravel-310/vendor/laravel/framework/src/Illuminate/Database/Migrations/Migrator.php(695): Illuminate\\Database\\Migrations\\DatabaseMigrationRepository->repositoryExists()
#8 /Users/ksi2024/Downloads/codecanyon-salebot-whatsapp-and-telegram-marketing-saas-chatbot-bulk-sender-V3.2.0/salebot-laravel-310/vendor/laravel/framework/src/Illuminate/Database/Console/Migrations/MigrateCommand.php(138): Illuminate\\Database\\Migrations\\Migrator->repositoryExists()
#9 /Users/ksi2024/Downloads/codecanyon-salebot-whatsapp-and-telegram-marketing-saas-chatbot-bulk-sender-V3.2.0/salebot-laravel-310/vendor/laravel/framework/src/Illuminate/Support/helpers.php(247): Illuminate\\Database\\Console\\Migrations\\MigrateCommand->{closure:Illuminate\\Database\\Console\\Migrations\\MigrateCommand::repositoryExists():138}(1)
#10 /Users/ksi2024/Downloads/codecanyon-salebot-whatsapp-and-telegram-marketing-saas-chatbot-bulk-sender-V3.2.0/salebot-laravel-310/vendor/laravel/framework/src/Illuminate/Database/Console/Migrations/MigrateCommand.php(138): retry(1, Object(Closure), 0, Object(Closure))
#11 /Users/ksi2024/Downloads/codecanyon-salebot-whatsapp-and-telegram-marketing-saas-chatbot-bulk-sender-V3.2.0/salebot-laravel-310/vendor/laravel/framework/src/Illuminate/Database/Console/Migrations/MigrateCommand.php(114): Illuminate\\Database\\Console\\Migrations\\MigrateCommand->repositoryExists()
#12 /Users/ksi2024/Downloads/codecanyon-salebot-whatsapp-and-telegram-marketing-saas-chatbot-bulk-sender-V3.2.0/salebot-laravel-310/vendor/laravel/framework/src/Illuminate/Database/Console/Migrations/MigrateCommand.php(82): Illuminate\\Database\\Console\\Migrations\\MigrateCommand->prepareDatabase()
#13 /Users/ksi2024/Downloads/codecanyon-salebot-whatsapp-and-telegram-marketing-saas-chatbot-bulk-sender-V3.2.0/salebot-laravel-310/vendor/laravel/framework/src/Illuminate/Database/Migrations/Migrator.php(628): Illuminate\\Database\\Console\\Migrations\\MigrateCommand->{closure:Illuminate\\Database\\Console\\Migrations\\MigrateCommand::handle():81}()
#14 /Users/ksi2024/Downloads/codecanyon-salebot-whatsapp-and-telegram-marketing-saas-chatbot-bulk-sender-V3.2.0/salebot-laravel-310/vendor/laravel/framework/src/Illuminate/Database/Console/Migrations/MigrateCommand.php(81): Illuminate\\Database\\Migrations\\Migrator->usingConnection(NULL, Object(Closure))
#15 /Users/ksi2024/Downloads/codecanyon-salebot-whatsapp-and-telegram-marketing-saas-chatbot-bulk-sender-V3.2.0/salebot-laravel-310/vendor/laravel/framework/src/Illuminate/Container/BoundMethod.php(36): Illuminate\\Database\\Console\\Migrations\\MigrateCommand->handle()
#16 /Users/ksi2024/Downloads/codecanyon-salebot-whatsapp-and-telegram-marketing-saas-chatbot-bulk-sender-V3.2.0/salebot-laravel-310/vendor/laravel/framework/src/Illuminate/Container/Util.php(41): Illuminate\\Container\\BoundMethod::{closure:Illuminate\\Container\\BoundMethod::call():35}()
#17 /Users/ksi2024/Downloads/codecanyon-salebot-whatsapp-and-telegram-marketing-saas-chatbot-bulk-sender-V3.2.0/salebot-laravel-310/vendor/laravel/framework/src/Illuminate/Container/BoundMethod.php(93): Illuminate\\Container\\Util::unwrapIfClosure(Object(Closure))
#18 /Users/ksi2024/Downloads/codecanyon-salebot-whatsapp-and-telegram-marketing-saas-chatbot-bulk-sender-V3.2.0/salebot-laravel-310/vendor/laravel/framework/src/Illuminate/Container/BoundMethod.php(35): Illuminate\\Container\\BoundMethod::callBoundMethod(Object(Illuminate\\Foundation\\Application), Array, Object(Closure))
#19 /Users/ksi2024/Downloads/codecanyon-salebot-whatsapp-and-telegram-marketing-saas-chatbot-bulk-sender-V3.2.0/salebot-laravel-310/vendor/laravel/framework/src/Illuminate/Container/Container.php(661): Illuminate\\Container\\BoundMethod::call(Object(Illuminate\\Foundation\\Application), Array, Array, NULL)
#20 /Users/ksi2024/Downloads/codecanyon-salebot-whatsapp-and-telegram-marketing-saas-chatbot-bulk-sender-V3.2.0/salebot-laravel-310/vendor/laravel/framework/src/Illuminate/Console/Command.php(183): Illuminate\\Container\\Container->call(Array)
#21 /Users/ksi2024/Downloads/codecanyon-salebot-whatsapp-and-telegram-marketing-saas-chatbot-bulk-sender-V3.2.0/salebot-laravel-310/vendor/symfony/console/Command/Command.php(326): Illuminate\\Console\\Command->execute(Object(Symfony\\Component\\Console\\Input\\ArgvInput), Object(Illuminate\\Console\\OutputStyle))
#22 /Users/ksi2024/Downloads/codecanyon-salebot-whatsapp-and-telegram-marketing-saas-chatbot-bulk-sender-V3.2.0/salebot-laravel-310/vendor/laravel/framework/src/Illuminate/Console/Command.php(152): Symfony\\Component\\Console\\Command\\Command->run(Object(Symfony\\Component\\Console\\Input\\ArgvInput), Object(Illuminate\\Console\\OutputStyle))
#23 /Users/ksi2024/Downloads/codecanyon-salebot-whatsapp-and-telegram-marketing-saas-chatbot-bulk-sender-V3.2.0/salebot-laravel-310/vendor/symfony/console/Application.php(1078): Illuminate\\Console\\Command->run(Object(Symfony\\Component\\Console\\Input\\ArgvInput), Object(Symfony\\Component\\Console\\Output\\ConsoleOutput))
#24 /Users/ksi2024/Downloads/codecanyon-salebot-whatsapp-and-telegram-marketing-saas-chatbot-bulk-sender-V3.2.0/salebot-laravel-310/vendor/symfony/console/Application.php(324): Symfony\\Component\\Console\\Application->doRunCommand(Object(Illuminate\\Database\\Console\\Migrations\\MigrateCommand), Object(Symfony\\Component\\Console\\Input\\ArgvInput), Object(Symfony\\Component\\Console\\Output\\ConsoleOutput))
#25 /Users/ksi2024/Downloads/codecanyon-salebot-whatsapp-and-telegram-marketing-saas-chatbot-bulk-sender-V3.2.0/salebot-laravel-310/vendor/symfony/console/Application.php(175): Symfony\\Component\\Console\\Application->doRun(Object(Symfony\\Component\\Console\\Input\\ArgvInput), Object(Symfony\\Component\\Console\\Output\\ConsoleOutput))
#26 /Users/ksi2024/Downloads/codecanyon-salebot-whatsapp-and-telegram-marketing-saas-chatbot-bulk-sender-V3.2.0/salebot-laravel-310/vendor/laravel/framework/src/Illuminate/Console/Application.php(102): Symfony\\Component\\Console\\Application->run(Object(Symfony\\Component\\Console\\Input\\ArgvInput), Object(Symfony\\Component\\Console\\Output\\ConsoleOutput))
#27 /Users/ksi2024/Downloads/codecanyon-salebot-whatsapp-and-telegram-marketing-saas-chatbot-bulk-sender-V3.2.0/salebot-laravel-310/vendor/laravel/framework/src/Illuminate/Foundation/Console/Kernel.php(155): Illuminate\\Console\\Application->run(Object(Symfony\\Component\\Console\\Input\\ArgvInput), Object(Symfony\\Component\\Console\\Output\\ConsoleOutput))
#28 /Users/ksi2024/Downloads/codecanyon-salebot-whatsapp-and-telegram-marketing-saas-chatbot-bulk-sender-V3.2.0/salebot-laravel-310/artisan(35): Illuminate\\Foundation\\Console\\Kernel->handle(Object(Symfony\\Component\\Console\\Input\\ArgvInput), Object(Symfony\\Component\\Console\\Output\\ConsoleOutput))
#29 {main}

[previous exception] [object] (PDOException(code: 2002): SQLSTATE[HY000] [2002] Connection refused at /Users/ksi2024/Downloads/codecanyon-salebot-whatsapp-and-telegram-marketing-saas-chatbot-bulk-sender-V3.2.0/salebot-laravel-310/vendor/laravel/framework/src/Illuminate/Database/Connectors/Connector.php:70)
[stacktrace]
#0 /Users/ksi2024/Downloads/codecanyon-salebot-whatsapp-and-telegram-marketing-saas-chatbot-bulk-sender-V3.2.0/salebot-laravel-310/vendor/laravel/framework/src/Illuminate/Database/Connectors/Connector.php(70): PDO->__construct('mysql:host=127....', '', Object(SensitiveParameterValue), Array)
#1 /Users/ksi2024/Downloads/codecanyon-salebot-whatsapp-and-telegram-marketing-saas-chatbot-bulk-sender-V3.2.0/salebot-laravel-310/vendor/laravel/framework/src/Illuminate/Database/Connectors/Connector.php(100): Illuminate\\Database\\Connectors\\Connector->createPdoConnection('mysql:host=127....', '', '', Array)
#2 /Users/ksi2024/Downloads/codecanyon-salebot-whatsapp-and-telegram-marketing-saas-chatbot-bulk-sender-V3.2.0/salebot-laravel-310/vendor/laravel/framework/src/Illuminate/Database/Connectors/Connector.php(49): Illuminate\\Database\\Connectors\\Connector->tryAgainIfCausedByLostConnection(Object(PDOException), 'mysql:host=127....', '', '', Array)
#3 /Users/ksi2024/Downloads/codecanyon-salebot-whatsapp-and-telegram-marketing-saas-chatbot-bulk-sender-V3.2.0/salebot-laravel-310/vendor/laravel/framework/src/Illuminate/Database/Connectors/MySqlConnector.php(24): Illuminate\\Database\\Connectors\\Connector->createConnection('mysql:host=127....', Array, Array)
#4 /Users/ksi2024/Downloads/codecanyon-salebot-whatsapp-and-telegram-marketing-saas-chatbot-bulk-sender-V3.2.0/salebot-laravel-310/vendor/laravel/framework/src/Illuminate/Database/Connectors/ConnectionFactory.php(184): Illuminate\\Database\\Connectors\\MySqlConnector->connect(Array)
#5 [internal function]: Illuminate\\Database\\Connectors\\ConnectionFactory->{closure:Illuminate\\Database\\Connectors\\ConnectionFactory::createPdoResolverWithHosts():179}()
#6 /Users/ksi2024/Downloads/codecanyon-salebot-whatsapp-and-telegram-marketing-saas-chatbot-bulk-sender-V3.2.0/salebot-laravel-310/vendor/laravel/framework/src/Illuminate/Database/Connection.php(1181): call_user_func(Object(Closure))
#7 /Users/ksi2024/Downloads/codecanyon-salebot-whatsapp-and-telegram-marketing-saas-chatbot-bulk-sender-V3.2.0/salebot-laravel-310/vendor/laravel/framework/src/Illuminate/Database/Connection.php(486): Illuminate\\Database\\Connection->getPdo()
#8 /Users/ksi2024/Downloads/codecanyon-salebot-whatsapp-and-telegram-marketing-saas-chatbot-bulk-sender-V3.2.0/salebot-laravel-310/vendor/laravel/framework/src/Illuminate/Database/Connection.php(414): Illuminate\\Database\\Connection->getPdoForSelect(false)
#9 /Users/ksi2024/Downloads/codecanyon-salebot-whatsapp-and-telegram-marketing-saas-chatbot-bulk-sender-V3.2.0/salebot-laravel-310/vendor/laravel/framework/src/Illuminate/Database/Connection.php(753): Illuminate\\Database\\Connection->{closure:Illuminate\\Database\\Connection::select():405}('select * from i...', Array)
#10 /Users/ksi2024/Downloads/codecanyon-salebot-whatsapp-and-telegram-marketing-saas-chatbot-bulk-sender-V3.2.0/salebot-laravel-310/vendor/laravel/framework/src/Illuminate/Database/Connection.php(899): Illuminate\\Database\\Connection->runQueryCallback('select * from i...', Array, Object(Closure))
#11 /Users/ksi2024/Downloads/codecanyon-salebot-whatsapp-and-telegram-marketing-saas-chatbot-bulk-sender-V3.2.0/salebot-laravel-310/vendor/laravel/framework/src/Illuminate/Database/Connection.php(878): Illuminate\\Database\\Connection->tryAgainIfCausedByLostConnection(Object(Illuminate\\Database\\QueryException), 'select * from i...', Array, Object(Closure))
#12 /Users/ksi2024/Downloads/codecanyon-salebot-whatsapp-and-telegram-marketing-saas-chatbot-bulk-sender-V3.2.0/salebot-laravel-310/vendor/laravel/framework/src/Illuminate/Database/Connection.php(722): Illuminate\\Database\\Connection->handleQueryException(Object(Illuminate\\Database\\QueryException), 'select * from i...', Array, Object(Closure))
#13 /Users/ksi2024/Downloads/codecanyon-salebot-whatsapp-and-telegram-marketing-saas-chatbot-bulk-sender-V3.2.0/salebot-laravel-310/vendor/laravel/framework/src/Illuminate/Database/Connection.php(405): Illuminate\\Database\\Connection->run('select * from i...', Array, Object(Closure))
#14 /Users/ksi2024/Downloads/codecanyon-salebot-whatsapp-and-telegram-marketing-saas-chatbot-bulk-sender-V3.2.0/salebot-laravel-310/vendor/laravel/framework/src/Illuminate/Database/Connection.php(392): Illuminate\\Database\\Connection->select('select * from i...', Array, false)
#15 /Users/ksi2024/Downloads/codecanyon-salebot-whatsapp-and-telegram-marketing-saas-chatbot-bulk-sender-V3.2.0/salebot-laravel-310/vendor/laravel/framework/src/Illuminate/Database/Schema/MySqlBuilder.php(43): Illuminate\\Database\\Connection->selectFromWriteConnection('select * from i...', Array)
#16 /Users/ksi2024/Downloads/codecanyon-salebot-whatsapp-and-telegram-marketing-saas-chatbot-bulk-sender-V3.2.0/salebot-laravel-310/vendor/laravel/framework/src/Illuminate/Database/Migrations/DatabaseMigrationRepository.php(169): Illuminate\\Database\\Schema\\MySqlBuilder->hasTable('migrations')
#17 /Users/ksi2024/Downloads/codecanyon-salebot-whatsapp-and-telegram-marketing-saas-chatbot-bulk-sender-V3.2.0/salebot-laravel-310/vendor/laravel/framework/src/Illuminate/Database/Migrations/Migrator.php(695): Illuminate\\Database\\Migrations\\DatabaseMigrationRepository->repositoryExists()
#18 /Users/ksi2024/Downloads/codecanyon-salebot-whatsapp-and-telegram-marketing-saas-chatbot-bulk-sender-V3.2.0/salebot-laravel-310/vendor/laravel/framework/src/Illuminate/Database/Console/Migrations/MigrateCommand.php(138): Illuminate\\Database\\Migrations\\Migrator->repositoryExists()
#19 /Users/ksi2024/Downloads/codecanyon-salebot-whatsapp-and-telegram-marketing-saas-chatbot-bulk-sender-V3.2.0/salebot-laravel-310/vendor/laravel/framework/src/Illuminate/Support/helpers.php(247): Illuminate\\Database\\Console\\Migrations\\MigrateCommand->{closure:Illuminate\\Database\\Console\\Migrations\\MigrateCommand::repositoryExists():138}(1)
#20 /Users/ksi2024/Downloads/codecanyon-salebot-whatsapp-and-telegram-marketing-saas-chatbot-bulk-sender-V3.2.0/salebot-laravel-310/vendor/laravel/framework/src/Illuminate/Database/Console/Migrations/MigrateCommand.php(138): retry(1, Object(Closure), 0, Object(Closure))
#21 /Users/ksi2024/Downloads/codecanyon-salebot-whatsapp-and-telegram-marketing-saas-chatbot-bulk-sender-V3.2.0/salebot-laravel-310/vendor/laravel/framework/src/Illuminate/Database/Console/Migrations/MigrateCommand.php(114): Illuminate\\Database\\Console\\Migrations\\MigrateCommand->repositoryExists()
#22 /Users/ksi2024/Downloads/codecanyon-salebot-whatsapp-and-telegram-marketing-saas-chatbot-bulk-sender-V3.2.0/salebot-laravel-310/vendor/laravel/framework/src/Illuminate/Database/Console/Migrations/MigrateCommand.php(82): Illuminate\\Database\\Console\\Migrations\\MigrateCommand->prepareDatabase()
#23 /Users/ksi2024/Downloads/codecanyon-salebot-whatsapp-and-telegram-marketing-saas-chatbot-bulk-sender-V3.2.0/salebot-laravel-310/vendor/laravel/framework/src/Illuminate/Database/Migrations/Migrator.php(628): Illuminate\\Database\\Console\\Migrations\\MigrateCommand->{closure:Illuminate\\Database\\Console\\Migrations\\MigrateCommand::handle():81}()
#24 /Users/ksi2024/Downloads/codecanyon-salebot-whatsapp-and-telegram-marketing-saas-chatbot-bulk-sender-V3.2.0/salebot-laravel-310/vendor/laravel/framework/src/Illuminate/Database/Console/Migrations/MigrateCommand.php(81): Illuminate\\Database\\Migrations\\Migrator->usingConnection(NULL, Object(Closure))
#25 /Users/ksi2024/Downloads/codecanyon-salebot-whatsapp-and-telegram-marketing-saas-chatbot-bulk-sender-V3.2.0/salebot-laravel-310/vendor/laravel/framework/src/Illuminate/Container/BoundMethod.php(36): Illuminate\\Database\\Console\\Migrations\\MigrateCommand->handle()
#26 /Users/ksi2024/Downloads/codecanyon-salebot-whatsapp-and-telegram-marketing-saas-chatbot-bulk-sender-V3.2.0/salebot-laravel-310/vendor/laravel/framework/src/Illuminate/Container/Util.php(41): Illuminate\\Container\\BoundMethod::{closure:Illuminate\\Container\\BoundMethod::call():35}()
#27 /Users/ksi2024/Downloads/codecanyon-salebot-whatsapp-and-telegram-marketing-saas-chatbot-bulk-sender-V3.2.0/salebot-laravel-310/vendor/laravel/framework/src/Illuminate/Container/BoundMethod.php(93): Illuminate\\Container\\Util::unwrapIfClosure(Object(Closure))
#28 /Users/ksi2024/Downloads/codecanyon-salebot-whatsapp-and-telegram-marketing-saas-chatbot-bulk-sender-V3.2.0/salebot-laravel-310/vendor/laravel/framework/src/Illuminate/Container/BoundMethod.php(35): Illuminate\\Container\\BoundMethod::callBoundMethod(Object(Illuminate\\Foundation\\Application), Array, Object(Closure))
#29 /Users/ksi2024/Downloads/codecanyon-salebot-whatsapp-and-telegram-marketing-saas-chatbot-bulk-sender-V3.2.0/salebot-laravel-310/vendor/laravel/framework/src/Illuminate/Container/Container.php(661): Illuminate\\Container\\BoundMethod::call(Object(Illuminate\\Foundation\\Application), Array, Array, NULL)
#30 /Users/ksi2024/Downloads/codecanyon-salebot-whatsapp-and-telegram-marketing-saas-chatbot-bulk-sender-V3.2.0/salebot-laravel-310/vendor/laravel/framework/src/Illuminate/Console/Command.php(183): Illuminate\\Container\\Container->call(Array)
#31 /Users/ksi2024/Downloads/codecanyon-salebot-whatsapp-and-telegram-marketing-saas-chatbot-bulk-sender-V3.2.0/salebot-laravel-310/vendor/symfony/console/Command/Command.php(326): Illuminate\\Console\\Command->execute(Object(Symfony\\Component\\Console\\Input\\ArgvInput), Object(Illuminate\\Console\\OutputStyle))
#32 /Users/ksi2024/Downloads/codecanyon-salebot-whatsapp-and-telegram-marketing-saas-chatbot-bulk-sender-V3.2.0/salebot-laravel-310/vendor/laravel/framework/src/Illuminate/Console/Command.php(152): Symfony\\Component\\Console\\Command\\Command->run(Object(Symfony\\Component\\Console\\Input\\ArgvInput), Object(Illuminate\\Console\\OutputStyle))
#33 /Users/ksi2024/Downloads/codecanyon-salebot-whatsapp-and-telegram-marketing-saas-chatbot-bulk-sender-V3.2.0/salebot-laravel-310/vendor/symfony/console/Application.php(1078): Illuminate\\Console\\Command->run(Object(Symfony\\Component\\Console\\Input\\ArgvInput), Object(Symfony\\Component\\Console\\Output\\ConsoleOutput))
#34 /Users/ksi2024/Downloads/codecanyon-salebot-whatsapp-and-telegram-marketing-saas-chatbot-bulk-sender-V3.2.0/salebot-laravel-310/vendor/symfony/console/Application.php(324): Symfony\\Component\\Console\\Application->doRunCommand(Object(Illuminate\\Database\\Console\\Migrations\\MigrateCommand), Object(Symfony\\Component\\Console\\Input\\ArgvInput), Object(Symfony\\Component\\Console\\Output\\ConsoleOutput))
#35 /Users/ksi2024/Downloads/codecanyon-salebot-whatsapp-and-telegram-marketing-saas-chatbot-bulk-sender-V3.2.0/salebot-laravel-310/vendor/symfony/console/Application.php(175): Symfony\\Component\\Console\\Application->doRun(Object(Symfony\\Component\\Console\\Input\\ArgvInput), Object(Symfony\\Component\\Console\\Output\\ConsoleOutput))
#36 /Users/ksi2024/Downloads/codecanyon-salebot-whatsapp-and-telegram-marketing-saas-chatbot-bulk-sender-V3.2.0/salebot-laravel-310/vendor/laravel/framework/src/Illuminate/Console/Application.php(102): Symfony\\Component\\Console\\Application->run(Object(Symfony\\Component\\Console\\Input\\ArgvInput), Object(Symfony\\Component\\Console\\Output\\ConsoleOutput))
#37 /Users/ksi2024/Downloads/codecanyon-salebot-whatsapp-and-telegram-marketing-saas-chatbot-bulk-sender-V3.2.0/salebot-laravel-310/vendor/laravel/framework/src/Illuminate/Foundation/Console/Kernel.php(155): Illuminate\\Console\\Application->run(Object(Symfony\\Component\\Console\\Input\\ArgvInput), Object(Symfony\\Component\\Console\\Output\\ConsoleOutput))
#38 /Users/ksi2024/Downloads/codecanyon-salebot-whatsapp-and-telegram-marketing-saas-chatbot-bulk-sender-V3.2.0/salebot-laravel-310/artisan(35): Illuminate\\Foundation\\Console\\Kernel->handle(Object(Symfony\\Component\\Console\\Input\\ArgvInput), Object(Symfony\\Component\\Console\\Output\\ConsoleOutput))
#39 {main}
"} 
